c:\users\anthony\documents\visual studio 2015\projects\projetgenome-master(7)\projetgenome-master\genomemanager2017\genomemanager2017\x64\debug\genomemanager2017.pch
c:\users\anthony\documents\visual studio 2015\projects\projetgenome-master(7)\projetgenome-master\genomemanager2017\genomemanager2017\x64\debug\vc140.pdb
c:\users\anthony\documents\visual studio 2015\projects\projetgenome-master(7)\projetgenome-master\genomemanager2017\genomemanager2017\x64\debug\vc140.idb
c:\users\anthony\documents\visual studio 2015\projects\projetgenome-master(7)\projetgenome-master\genomemanager2017\genomemanager2017\x64\debug\stdafx.obj
c:\users\anthony\documents\visual studio 2015\projects\projetgenome-master(7)\projetgenome-master\genomemanager2017\genomemanager2017\x64\debug\socketclient.obj
c:\users\anthony\documents\visual studio 2015\projects\projetgenome-master(7)\projetgenome-master\genomemanager2017\genomemanager2017\x64\debug\responsehandler.obj
c:\users\anthony\documents\visual studio 2015\projects\projetgenome-master(7)\projetgenome-master\genomemanager2017\genomemanager2017\x64\debug\genomemanager2017dlg.obj
c:\users\anthony\documents\visual studio 2015\projects\projetgenome-master(7)\projetgenome-master\genomemanager2017\genomemanager2017\x64\debug\genomemanager2017.obj
c:\users\anthony\documents\visual studio 2015\projects\projetgenome-master(7)\projetgenome-master\genomemanager2017\genomemanager2017\x64\debug\buildrequestclient.obj
c:\users\anthony\documents\visual studio 2015\projects\projetgenome-master(7)\projetgenome-master\genomemanager2017\x64\debug\genomemanager2017.ilk
c:\users\anthony\documents\visual studio 2015\projects\projetgenome-master(7)\projetgenome-master\genomemanager2017\x64\debug\genomemanager2017.exe
c:\users\anthony\documents\visual studio 2015\projects\projetgenome-master(7)\projetgenome-master\genomemanager2017\x64\debug\genomemanager2017.pdb
c:\users\anthony\documents\visual studio 2015\projects\projetgenome-master(7)\projetgenome-master\genomemanager2017\genomemanager2017\x64\debug\genomemanager2017.res
c:\users\anthony\documents\visual studio 2015\projects\projetgenome-master(7)\projetgenome-master\genomemanager2017\genomemanager2017\x64\debug\genomema.fbe01cc5.tlog\cl.command.1.tlog
c:\users\anthony\documents\visual studio 2015\projects\projetgenome-master(7)\projetgenome-master\genomemanager2017\genomemanager2017\x64\debug\genomema.fbe01cc5.tlog\cl.read.1.tlog
c:\users\anthony\documents\visual studio 2015\projects\projetgenome-master(7)\projetgenome-master\genomemanager2017\genomemanager2017\x64\debug\genomema.fbe01cc5.tlog\cl.write.1.tlog
c:\users\anthony\documents\visual studio 2015\projects\projetgenome-master(7)\projetgenome-master\genomemanager2017\genomemanager2017\x64\debug\genomema.fbe01cc5.tlog\link.command.1.tlog
c:\users\anthony\documents\visual studio 2015\projects\projetgenome-master(7)\projetgenome-master\genomemanager2017\genomemanager2017\x64\debug\genomema.fbe01cc5.tlog\link.read.1.tlog
c:\users\anthony\documents\visual studio 2015\projects\projetgenome-master(7)\projetgenome-master\genomemanager2017\genomemanager2017\x64\debug\genomema.fbe01cc5.tlog\link.write.1.tlog
c:\users\anthony\documents\visual studio 2015\projects\projetgenome-master(7)\projetgenome-master\genomemanager2017\genomemanager2017\x64\debug\genomema.fbe01cc5.tlog\rc.command.1.tlog
c:\users\anthony\documents\visual studio 2015\projects\projetgenome-master(7)\projetgenome-master\genomemanager2017\genomemanager2017\x64\debug\genomema.fbe01cc5.tlog\rc.read.1.tlog
c:\users\anthony\documents\visual studio 2015\projects\projetgenome-master(7)\projetgenome-master\genomemanager2017\genomemanager2017\x64\debug\genomema.fbe01cc5.tlog\rc.write.1.tlog
